Using pre-set license
Built from '2021.3/staging' branch; Version is '2021.3.0f1 (6eacc8284459) revision 7253192'; Using compiler version '192829333'; Build Type 'Release'
OS: 'Windows 11  (10.0.22621) 64bit Core' Language: 'ko' Physical Memory: 32013 MB
BatchMode: 1, IsHumanControllingUs: 0, StartBugReporterOnCrash: 0, Is64bit: 1, IsPro: 1

COMMAND LINE ARGUMENTS:
C:\MyFiles\Unity\2021.3.0f1\Editor\Unity.exe
-adb2
-batchMode
-noUpm
-name
AssetImportWorker2
-projectPath
C:/MyFiles/Files/20210460 Noah/Github_Unity/SB_Project
-logFile
Logs/AssetImportWorker2.log
-srvPort
56287
Successfully changed project path to: C:/MyFiles/Files/20210460 Noah/Github_Unity/SB_Project
C:/MyFiles/Files/20210460 Noah/Github_Unity/SB_Project
[UnityMemory] Configuration Parameters - Can be set up in boot.config
    "memorysetup-bucket-allocator-granularity=16"
    "memorysetup-bucket-allocator-bucket-count=8"
    "memorysetup-bucket-allocator-block-size=33554432"
    "memorysetup-bucket-allocator-block-count=8"
    "memorysetup-main-allocator-block-size=16777216"
    "memorysetup-thread-allocator-block-size=16777216"
    "memorysetup-gfx-main-allocator-block-size=16777216"
    "memorysetup-gfx-thread-allocator-block-size=16777216"
    "memorysetup-cache-allocator-block-size=4194304"
    "memorysetup-typetree-allocator-block-size=2097152"
    "memorysetup-profiler-bucket-allocator-granularity=16"
    "memorysetup-profiler-bucket-allocator-bucket-count=8"
    "memorysetup-profiler-bucket-allocator-block-size=33554432"
    "memorysetup-profiler-bucket-allocator-block-count=8"
    "memorysetup-profiler-allocator-block-size=16777216"
    "memorysetup-profiler-editor-allocator-block-size=1048576"
    "memorysetup-temp-allocator-size-main=16777216"
    "memorysetup-job-temp-allocator-block-size=2097152"
    "memorysetup-job-temp-allocator-block-size-background=1048576"
    "memorysetup-job-temp-allocator-reduction-small-platforms=262144"
    "memorysetup-temp-allocator-size-background-worker=32768"
    "memorysetup-temp-allocator-size-job-worker=262144"
    "memorysetup-temp-allocator-size-preload-manager=33554432"
    "memorysetup-temp-allocator-size-nav-mesh-worker=65536"
    "memorysetup-temp-allocator-size-audio-worker=65536"
    "memorysetup-temp-allocator-size-cloud-worker=32768"
    "memorysetup-temp-allocator-size-gi-baking-worker=262144"
    "memorysetup-temp-allocator-size-gfx=262144"
Refreshing native plugins compatible for Editor in 24.73 ms, found 2 plugins.
Preloading 0 native plugins for Editor in 0.00 ms.
Initialize engine version: 2021.3.0f1 (6eacc8284459)
[Subsystems] Discovering subsystems at path C:/MyFiles/Unity/2021.3.0f1/Editor/Data/Resources/UnitySubsystems
[Subsystems] Discovering subsystems at path C:/MyFiles/Files/20210460 Noah/Github_Unity/SB_Project/Assets
GfxDevice: creating device client; threaded=0; jobified=0
Direct3D:
    Version:  Direct3D 11.0 [level 11.1]
    Renderer: NVIDIA GeForce RTX 3050 Laptop GPU (ID=0x25a2)
    Vendor:   NVIDIA
    VRAM:     3991 MB
    Driver:   31.0.15.1640
Initialize mono
Mono path[0] = 'C:/MyFiles/Unity/2021.3.0f1/Editor/Data/Managed'
Mono path[1] = 'C:/MyFiles/Unity/2021.3.0f1/Editor/Data/MonoBleedingEdge/lib/mono/unityjit-win32'
Mono config path = 'C:/MyFiles/Unity/2021.3.0f1/Editor/Data/MonoBleedingEdge/etc'
Using monoOptions --debugger-agent=transport=dt_socket,embedding=1,server=y,suspend=n,address=127.0.0.1:56572
Begin MonoManager ReloadAssembly
Registering precompiled unity dll's ...
Register platform support module: C:/MyFiles/Unity/2021.3.0f1/Editor/Data/PlaybackEngines/AndroidPlayer/UnityEditor.Android.Extensions.dll
Register platform support module: C:/MyFiles/Unity/2021.3.0f1/Editor/Data/PlaybackEngines/WindowsStandaloneSupport/UnityEditor.WindowsStandalone.Extensions.dll
Registered in 0.003245 seconds.
Native extension for WindowsStandalone target not found
Native extension for Android target not found
Refreshing native plugins compatible for Editor in 21.58 ms, found 2 plugins.
Preloading 0 native plugins for Editor in 0.00 ms.
Mono: successfully reloaded assembly
- Completed reload, in  0.491 seconds
Domain Reload Profiling:
	ReloadAssembly (491ms)
		BeginReloadAssembly (67ms)
			ExecutionOrderSort (0ms)
			DisableScriptedObjects (0ms)
			BackupInstance (0ms)
			ReleaseScriptingObjects (0ms)
			CreateAndSetChildDomain (1ms)
		EndReloadAssembly (341ms)
			LoadAssemblies (65ms)
			RebuildTransferFunctionScriptingTraits (0ms)
			SetupTypeCache (89ms)
			ReleaseScriptCaches (0ms)
			RebuildScriptCaches (22ms)
			SetupLoadedEditorAssemblies (188ms)
				LogAssemblyErrors (0ms)
				InitializePlatformSupportModulesInManaged (45ms)
				SetLoadedEditorAssemblies (0ms)
				RefreshPlugins (22ms)
				BeforeProcessingInitializeOnLoad (1ms)
				ProcessInitializeOnLoadAttributes (81ms)
				ProcessInitializeOnLoadMethodAttributes (38ms)
				AfterProcessingInitializeOnLoad (0ms)
				EditorAssembliesLoaded (0ms)
			ExecutionOrderSort2 (0ms)
			AwakeInstancesAfterBackupRestoration (0ms)
Platform modules already initialized, skipping
Registering precompiled user dll's ...
Registered in 0.001633 seconds.
Begin MonoManager ReloadAssembly
Symbol file LoadedFromMemory is not a mono symbol file
Native extension for WindowsStandalone target not found
Native extension for Android target not found
Refreshing native plugins compatible for Editor in 0.35 ms, found 2 plugins.
Preloading 0 native plugins for Editor in 0.00 ms.
Mono: successfully reloaded assembly
- Completed reload, in  0.742 seconds
Domain Reload Profiling:
	ReloadAssembly (743ms)
		BeginReloadAssembly (186ms)
			ExecutionOrderSort (0ms)
			DisableScriptedObjects (4ms)
			BackupInstance (0ms)
			ReleaseScriptingObjects (0ms)
			CreateAndSetChildDomain (122ms)
		EndReloadAssembly (472ms)
			LoadAssemblies (62ms)
			RebuildTransferFunctionScriptingTraits (0ms)
			SetupTypeCache (129ms)
			ReleaseScriptCaches (0ms)
			RebuildScriptCaches (33ms)
			SetupLoadedEditorAssemblies (215ms)
				LogAssemblyErrors (0ms)
				InitializePlatformSupportModulesInManaged (10ms)
				SetLoadedEditorAssemblies (0ms)
				RefreshPlugins (0ms)
				BeforeProcessingInitializeOnLoad (35ms)
				ProcessInitializeOnLoadAttributes (144ms)
				ProcessInitializeOnLoadMethodAttributes (20ms)
				AfterProcessingInitializeOnLoad (5ms)
				EditorAssembliesLoaded (0ms)
			ExecutionOrderSort2 (0ms)
			AwakeInstancesAfterBackupRestoration (5ms)
Platform modules already initialized, skipping
========================================================================
Worker process is ready to serve import requests
Launched and connected shader compiler UnityShaderCompiler.exe after 0.05 seconds
Refreshing native plugins compatible for Editor in 0.56 ms, found 2 plugins.
Preloading 0 native plugins for Editor in 0.00 ms.
Unloading 1569 Unused Serialized files (Serialized files now loaded: 0)
Unloading 16 unused Assets / (58.5 KB). Loaded Objects now: 2067.
Memory consumption went from 155.3 MB to 155.2 MB.
Total: 2.519300 ms (FindLiveObjects: 0.136000 ms CreateObjectMapping: 0.058300 ms MarkObjects: 2.230000 ms  DeleteObjects: 0.094000 ms)

AssetImportParameters requested are different than current active one (requested -> active):
  custom:video-decoder-ogg-theora: a1e56fd34408186e4bbccfd4996cb3dc -> 
  custom:container-muxer-webm: aa71ff27fc2769a1b78a27578f13a17b -> 
  custom:container-demuxer-webm: 4f35f7cbe854078d1ac9338744f61a02 -> 
  custom:video-encoder-webm-vp8: eb34c28f22e8b96e1ab97ce403110664 -> 
  custom:audio-encoder-webm-vorbis: bf7c407c2cedff20999df2af8eb42d56 -> 
  custom:framework-win-MediaFoundation: 216162199b28c13a410421893ffa2e32 -> 
  custom:container-demuxer-ogg: 62fdf1f143b41e24485cea50d1cbac27 -> 
  custom:video-decoder-webm-vp8: 9c59270c3fd7afecdb556c50c9e8de78 -> 
  custom:audio-decoder-ogg-vorbis: bf7c407c2cedff20999df2af8eb42d56 -> 
========================================================================
Received Import Request.
  Time since last request: 52387.663764 seconds.
  path: Packages/com.unity.collab-proxy/Editor/Collaborate/Assets/Icons/collaborate-progress-dark.png
  artifactKey: Guid(60706f973daf4764e81c846ce1a8e183) Importer(815301076,1909f56bfc062723c751e8b465ee728b)
Start importing Packages/com.unity.collab-proxy/Editor/Collaborate/Assets/Icons/collaborate-progress-dark.png using Guid(60706f973daf4764e81c846ce1a8e183) Importer(815301076,1909f56bfc062723c751e8b465ee728b)  -> (artifact id: 'c44b554df6dff0c46eb5c269eec791e5') in 0.063362 seconds 
========================================================================
Received Import Request.
  Time since last request: 0.000016 seconds.
  path: Assets/Textures/Dark_Green_Texture.png
  artifactKey: Guid(850cc220a4baeea4a863e4da985bc267) Importer(815301076,1909f56bfc062723c751e8b465ee728b)
Start importing Assets/Textures/Dark_Green_Texture.png using Guid(850cc220a4baeea4a863e4da985bc267) Importer(815301076,1909f56bfc062723c751e8b465ee728b)  -> (artifact id: 'f0ed9df92abe8ec53d2fc90f4682c52b') in 0.015279 seconds 
========================================================================
Received Import Request.
  Time since last request: 0.000017 seconds.
  path: Packages/com.unity.collab-proxy/Editor/PlasticSCM/Assets/Images/d_iconemptygravatar.png
  artifactKey: Guid(9aebd705574f9e642aef1e5f59b3e4d8) Importer(815301076,1909f56bfc062723c751e8b465ee728b)
Start importing Packages/com.unity.collab-proxy/Editor/PlasticSCM/Assets/Images/d_iconemptygravatar.png using Guid(9aebd705574f9e642aef1e5f59b3e4d8) Importer(815301076,1909f56bfc062723c751e8b465ee728b)  -> (artifact id: 'b93c5f8904d259b8fc8ee2455315239b') in 0.046861 seconds 
========================================================================
Received Import Request.
  Time since last request: 204.765999 seconds.
  path: Assets/Image/Grass/grass.png
  artifactKey: Guid(408632e9ee2d4b2498608cefc5a4bf93) Importer(815301076,1909f56bfc062723c751e8b465ee728b)
Start importing Assets/Image/Grass/grass.png using Guid(408632e9ee2d4b2498608cefc5a4bf93) Importer(815301076,1909f56bfc062723c751e8b465ee728b)  -> (artifact id: '8af14ade1a28e66c69f29a33a915f7df') in 0.013513 seconds 
========================================================================
Received Import Request.
  Time since last request: 15.532016 seconds.
  path: Assets/Image/Grass/grass.png
  artifactKey: Guid(408632e9ee2d4b2498608cefc5a4bf93) Importer(815301076,1909f56bfc062723c751e8b465ee728b)
Start importing Assets/Image/Grass/grass.png using Guid(408632e9ee2d4b2498608cefc5a4bf93) Importer(815301076,1909f56bfc062723c751e8b465ee728b)  -> (artifact id: 'b5d2f5e569cc3a877e60d6d9b2158b46') in 0.005675 seconds 
========================================================================
Received Import Request.
  Time since last request: 317.679098 seconds.
  path: Assets/Image/UI/Archemy Table
  artifactKey: Guid(93c2ace8e4090324b9c83eac12689025) Importer(815301076,1909f56bfc062723c751e8b465ee728b)
Start importing Assets/Image/UI/Archemy Table using Guid(93c2ace8e4090324b9c83eac12689025) Importer(815301076,1909f56bfc062723c751e8b465ee728b)  -> (artifact id: 'f22bd0a26044f7a8c098c210b945fba7') in 0.008124 seconds 
========================================================================
Received Import Request.
  Time since last request: 64.433532 seconds.
  path: Assets/NewLayer.terrainlayer
  artifactKey: Guid(0dfaf43311e0004448f1fd917957c424) Importer(815301076,1909f56bfc062723c751e8b465ee728b)
Start importing Assets/NewLayer.terrainlayer using Guid(0dfaf43311e0004448f1fd917957c424) Importer(815301076,1909f56bfc062723c751e8b465ee728b)  -> (artifact id: '078f6adefa4ade5da1aa0a8ee9a84bee') in 0.019590 seconds 
========================================================================
Received Import Request.
  Time since last request: 4914.901398 seconds.
  path: Assets/3D Model/wood.fbx
  artifactKey: Guid(26ee5e7676940fd4a9583771121d0e1b) Importer(815301076,1909f56bfc062723c751e8b465ee728b)
Start importing Assets/3D Model/wood.fbx using Guid(26ee5e7676940fd4a9583771121d0e1b) Importer(815301076,1909f56bfc062723c751e8b465ee728b)  -> (artifact id: '194538409ae44078c18df2d16abd583f') in 0.143911 seconds 
========================================================================
Received Import Request.
  Time since last request: 32.044005 seconds.
  path: Assets/3D Model/rocket.fbx
  artifactKey: Guid(8314542100c2a9a40a08982d2fefa719) Importer(815301076,1909f56bfc062723c751e8b465ee728b)
Start importing Assets/3D Model/rocket.fbx using Guid(8314542100c2a9a40a08982d2fefa719) Importer(815301076,1909f56bfc062723c751e8b465ee728b)  -> (artifact id: 'f4080f263efa4be48cf063acbc5d6b33') in 0.157788 seconds 
========================================================================
Received Import Request.
  Time since last request: 27.056082 seconds.
  path: Assets/3D Model/tree_debris.fbx
  artifactKey: Guid(79d56843d01f73d49a658b820420792c) Importer(815301076,1909f56bfc062723c751e8b465ee728b)
Start importing Assets/3D Model/tree_debris.fbx using Guid(79d56843d01f73d49a658b820420792c) Importer(815301076,1909f56bfc062723c751e8b465ee728b)  -> (artifact id: 'c8be3c7b4b3e05f94eaacb37b387ed3f') in 0.096601 seconds 
========================================================================
Received Import Request.
  Time since last request: 290.997161 seconds.
  path: Assets/3D Model/leaf.fbx
  artifactKey: Guid(27e99f3afb61677419ebb29956f6001c) Importer(815301076,1909f56bfc062723c751e8b465ee728b)
Start importing Assets/3D Model/leaf.fbx using Guid(27e99f3afb61677419ebb29956f6001c) Importer(815301076,1909f56bfc062723c751e8b465ee728b)  -> (artifact id: 'b0e46c174b166fd9d7fdd5a7cd6602d9') in 0.017687 seconds 
========================================================================
Received Import Request.
  Time since last request: 157.299911 seconds.
  path: Assets/Scenes/MainScene.unity
  artifactKey: Guid(4a7eb461e779c2741b6afc5836f3d431) Importer(815301076,1909f56bfc062723c751e8b465ee728b)
Start importing Assets/Scenes/MainScene.unity using Guid(4a7eb461e779c2741b6afc5836f3d431) Importer(815301076,1909f56bfc062723c751e8b465ee728b)  -> (artifact id: '5ff021e4ad8f6bdafd4ba28a317e6ad2') in 0.001694 seconds 
========================================================================
Received Import Request.
  Time since last request: 102.710401 seconds.
  path: Assets/Scenes/MainScene.unity
  artifactKey: Guid(4a7eb461e779c2741b6afc5836f3d431) Importer(815301076,1909f56bfc062723c751e8b465ee728b)
Start importing Assets/Scenes/MainScene.unity using Guid(4a7eb461e779c2741b6afc5836f3d431) Importer(815301076,1909f56bfc062723c751e8b465ee728b)  -> (artifact id: '70eeec9a46a60d0c73bedc3537b73ede') in 0.001690 seconds 
========================================================================
Received Prepare
Registering precompiled user dll's ...
Registered in 0.001891 seconds.
Begin MonoManager ReloadAssembly
Symbol file LoadedFromMemory is not a mono symbol file
Native extension for WindowsStandalone target not found
Native extension for Android target not found
Refreshing native plugins compatible for Editor in 0.37 ms, found 2 plugins.
Preloading 0 native plugins for Editor in 0.00 ms.
Mono: successfully reloaded assembly
- Completed reload, in  0.623 seconds
Domain Reload Profiling:
	ReloadAssembly (623ms)
		BeginReloadAssembly (94ms)
			ExecutionOrderSort (0ms)
			DisableScriptedObjects (3ms)
			BackupInstance (0ms)
			ReleaseScriptingObjects (0ms)
			CreateAndSetChildDomain (27ms)
		EndReloadAssembly (459ms)
			LoadAssemblies (55ms)
			RebuildTransferFunctionScriptingTraits (0ms)
			SetupTypeCache (128ms)
			ReleaseScriptCaches (1ms)
			RebuildScriptCaches (28ms)
			SetupLoadedEditorAssemblies (215ms)
				LogAssemblyErrors (0ms)
				InitializePlatformSupportModulesInManaged (17ms)
				SetLoadedEditorAssemblies (0ms)
				RefreshPlugins (0ms)
				BeforeProcessingInitializeOnLoad (34ms)
				ProcessInitializeOnLoadAttributes (142ms)
				ProcessInitializeOnLoadMethodAttributes (17ms)
				AfterProcessingInitializeOnLoad (5ms)
				EditorAssembliesLoaded (0ms)
			ExecutionOrderSort2 (0ms)
			AwakeInstancesAfterBackupRestoration (6ms)
Platform modules already initialized, skipping
Refreshing native plugins compatible for Editor in 0.96 ms, found 2 plugins.
Preloading 0 native plugins for Editor in 0.00 ms.
Unloading 1562 Unused Serialized files (Serialized files now loaded: 0)
Unloading 9 unused Assets / (24.5 KB). Loaded Objects now: 2120.
Memory consumption went from 159.4 MB to 159.3 MB.
Total: 3.276900 ms (FindLiveObjects: 0.184500 ms CreateObjectMapping: 0.042000 ms MarkObjects: 3.021600 ms  DeleteObjects: 0.027000 ms)

AssetImportParameters requested are different than current active one (requested -> active):
  custom:video-decoder-ogg-theora: a1e56fd34408186e4bbccfd4996cb3dc -> 
  custom:container-muxer-webm: aa71ff27fc2769a1b78a27578f13a17b -> 
  custom:container-demuxer-webm: 4f35f7cbe854078d1ac9338744f61a02 -> 
  custom:video-encoder-webm-vp8: eb34c28f22e8b96e1ab97ce403110664 -> 
  custom:audio-encoder-webm-vorbis: bf7c407c2cedff20999df2af8eb42d56 -> 
  custom:framework-win-MediaFoundation: 216162199b28c13a410421893ffa2e32 -> 
  custom:container-demuxer-ogg: 62fdf1f143b41e24485cea50d1cbac27 -> 
  custom:video-decoder-webm-vp8: 9c59270c3fd7afecdb556c50c9e8de78 -> 
  custom:audio-decoder-ogg-vorbis: bf7c407c2cedff20999df2af8eb42d56 -> 
========================================================================
Received Prepare
Registering precompiled user dll's ...
Registered in 0.002275 seconds.
Begin MonoManager ReloadAssembly
Symbol file LoadedFromMemory is not a mono symbol file
Native extension for WindowsStandalone target not found
Native extension for Android target not found
Refreshing native plugins compatible for Editor in 0.32 ms, found 2 plugins.
Preloading 0 native plugins for Editor in 0.00 ms.
Mono: successfully reloaded assembly
- Completed reload, in  0.605 seconds
Domain Reload Profiling:
	ReloadAssembly (606ms)
		BeginReloadAssembly (93ms)
			ExecutionOrderSort (0ms)
			DisableScriptedObjects (4ms)
			BackupInstance (0ms)
			ReleaseScriptingObjects (0ms)
			CreateAndSetChildDomain (26ms)
		EndReloadAssembly (442ms)
			LoadAssemblies (55ms)
			RebuildTransferFunctionScriptingTraits (0ms)
			SetupTypeCache (116ms)
			ReleaseScriptCaches (1ms)
			RebuildScriptCaches (28ms)
			SetupLoadedEditorAssemblies (210ms)
				LogAssemblyErrors (0ms)
				InitializePlatformSupportModulesInManaged (16ms)
				SetLoadedEditorAssemblies (0ms)
				RefreshPlugins (0ms)
				BeforeProcessingInitializeOnLoad (33ms)
				ProcessInitializeOnLoadAttributes (138ms)
				ProcessInitializeOnLoadMethodAttributes (18ms)
				AfterProcessingInitializeOnLoad (4ms)
				EditorAssembliesLoaded (0ms)
			ExecutionOrderSort2 (0ms)
			AwakeInstancesAfterBackupRestoration (5ms)
Platform modules already initialized, skipping
Refreshing native plugins compatible for Editor in 0.97 ms, found 2 plugins.
Preloading 0 native plugins for Editor in 0.00 ms.
Unloading 1562 Unused Serialized files (Serialized files now loaded: 0)
Unloading 9 unused Assets / (24.6 KB). Loaded Objects now: 2123.
Memory consumption went from 159.4 MB to 159.4 MB.
Total: 2.867700 ms (FindLiveObjects: 0.156500 ms CreateObjectMapping: 0.108500 ms MarkObjects: 2.585800 ms  DeleteObjects: 0.015600 ms)

AssetImportParameters requested are different than current active one (requested -> active):
  custom:video-decoder-ogg-theora: a1e56fd34408186e4bbccfd4996cb3dc -> 
  custom:container-muxer-webm: aa71ff27fc2769a1b78a27578f13a17b -> 
  custom:container-demuxer-webm: 4f35f7cbe854078d1ac9338744f61a02 -> 
  custom:video-encoder-webm-vp8: eb34c28f22e8b96e1ab97ce403110664 -> 
  custom:audio-encoder-webm-vorbis: bf7c407c2cedff20999df2af8eb42d56 -> 
  custom:framework-win-MediaFoundation: 216162199b28c13a410421893ffa2e32 -> 
  custom:container-demuxer-ogg: 62fdf1f143b41e24485cea50d1cbac27 -> 
  custom:video-decoder-webm-vp8: 9c59270c3fd7afecdb556c50c9e8de78 -> 
  custom:audio-decoder-ogg-vorbis: bf7c407c2cedff20999df2af8eb42d56 -> 
========================================================================
Received Prepare
Registering precompiled user dll's ...
Registered in 0.002244 seconds.
Begin MonoManager ReloadAssembly
Symbol file LoadedFromMemory is not a mono symbol file
Native extension for WindowsStandalone target not found
Native extension for Android target not found
Refreshing native plugins compatible for Editor in 0.36 ms, found 2 plugins.
Preloading 0 native plugins for Editor in 0.00 ms.
Mono: successfully reloaded assembly
- Completed reload, in  0.601 seconds
Domain Reload Profiling:
	ReloadAssembly (602ms)
		BeginReloadAssembly (90ms)
			ExecutionOrderSort (0ms)
			DisableScriptedObjects (4ms)
			BackupInstance (0ms)
			ReleaseScriptingObjects (0ms)
			CreateAndSetChildDomain (25ms)
		EndReloadAssembly (441ms)
			LoadAssemblies (53ms)
			RebuildTransferFunctionScriptingTraits (0ms)
			SetupTypeCache (121ms)
			ReleaseScriptCaches (1ms)
			RebuildScriptCaches (26ms)
			SetupLoadedEditorAssemblies (208ms)
				LogAssemblyErrors (0ms)
				InitializePlatformSupportModulesInManaged (16ms)
				SetLoadedEditorAssemblies (0ms)
				RefreshPlugins (0ms)
				BeforeProcessingInitializeOnLoad (33ms)
				ProcessInitializeOnLoadAttributes (136ms)
				ProcessInitializeOnLoadMethodAttributes (18ms)
				AfterProcessingInitializeOnLoad (4ms)
				EditorAssembliesLoaded (0ms)
			ExecutionOrderSort2 (0ms)
			AwakeInstancesAfterBackupRestoration (5ms)
Platform modules already initialized, skipping
Refreshing native plugins compatible for Editor in 1.05 ms, found 2 plugins.
Preloading 0 native plugins for Editor in 0.00 ms.
Unloading 1562 Unused Serialized files (Serialized files now loaded: 0)
Unloading 9 unused Assets / (24.6 KB). Loaded Objects now: 2126.
Memory consumption went from 159.4 MB to 159.4 MB.
Total: 2.444100 ms (FindLiveObjects: 0.162600 ms CreateObjectMapping: 0.043700 ms MarkObjects: 2.225300 ms  DeleteObjects: 0.011600 ms)

AssetImportParameters requested are different than current active one (requested -> active):
  custom:video-decoder-ogg-theora: a1e56fd34408186e4bbccfd4996cb3dc -> 
  custom:container-muxer-webm: aa71ff27fc2769a1b78a27578f13a17b -> 
  custom:container-demuxer-webm: 4f35f7cbe854078d1ac9338744f61a02 -> 
  custom:video-encoder-webm-vp8: eb34c28f22e8b96e1ab97ce403110664 -> 
  custom:audio-encoder-webm-vorbis: bf7c407c2cedff20999df2af8eb42d56 -> 
  custom:framework-win-MediaFoundation: 216162199b28c13a410421893ffa2e32 -> 
  custom:container-demuxer-ogg: 62fdf1f143b41e24485cea50d1cbac27 -> 
  custom:video-decoder-webm-vp8: 9c59270c3fd7afecdb556c50c9e8de78 -> 
  custom:audio-decoder-ogg-vorbis: bf7c407c2cedff20999df2af8eb42d56 -> 
========================================================================
Received Import Request.
  Time since last request: 112.469475 seconds.
  path: Assets/Scenes/MainScene.unity
  artifactKey: Guid(4a7eb461e779c2741b6afc5836f3d431) Importer(815301076,1909f56bfc062723c751e8b465ee728b)
Start importing Assets/Scenes/MainScene.unity using Guid(4a7eb461e779c2741b6afc5836f3d431) Importer(815301076,1909f56bfc062723c751e8b465ee728b)  -> (artifact id: 'b2d029e7cee80ec49ff16628fba352bf') in 0.004460 seconds 
========================================================================
Received Import Request.
  Time since last request: 41.118030 seconds.
  path: Assets/Scenes/MainScene.unity
  artifactKey: Guid(4a7eb461e779c2741b6afc5836f3d431) Importer(815301076,1909f56bfc062723c751e8b465ee728b)
Start importing Assets/Scenes/MainScene.unity using Guid(4a7eb461e779c2741b6afc5836f3d431) Importer(815301076,1909f56bfc062723c751e8b465ee728b)  -> (artifact id: '779425e2085365b60fe229c7e6300589') in 0.001608 seconds 
========================================================================
Received Prepare
Registering precompiled user dll's ...
Registered in 0.001764 seconds.
Begin MonoManager ReloadAssembly
Symbol file LoadedFromMemory is not a mono symbol file
Native extension for WindowsStandalone target not found
Native extension for Android target not found
Refreshing native plugins compatible for Editor in 0.45 ms, found 2 plugins.
Preloading 0 native plugins for Editor in 0.00 ms.
Mono: successfully reloaded assembly
- Completed reload, in  0.630 seconds
Domain Reload Profiling:
	ReloadAssembly (631ms)
		BeginReloadAssembly (93ms)
			ExecutionOrderSort (0ms)
			DisableScriptedObjects (5ms)
			BackupInstance (0ms)
			ReleaseScriptingObjects (0ms)
			CreateAndSetChildDomain (25ms)
		EndReloadAssembly (465ms)
			LoadAssemblies (56ms)
			RebuildTransferFunctionScriptingTraits (0ms)
			SetupTypeCache (134ms)
			ReleaseScriptCaches (1ms)
			RebuildScriptCaches (27ms)
			SetupLoadedEditorAssemblies (213ms)
				LogAssemblyErrors (0ms)
				InitializePlatformSupportModulesInManaged (17ms)
				SetLoadedEditorAssemblies (0ms)
				RefreshPlugins (1ms)
				BeforeProcessingInitializeOnLoad (34ms)
				ProcessInitializeOnLoadAttributes (139ms)
				ProcessInitializeOnLoadMethodAttributes (18ms)
				AfterProcessingInitializeOnLoad (4ms)
				EditorAssembliesLoaded (0ms)
			ExecutionOrderSort2 (0ms)
			AwakeInstancesAfterBackupRestoration (5ms)
Platform modules already initialized, skipping
Refreshing native plugins compatible for Editor in 1.01 ms, found 2 plugins.
Preloading 0 native plugins for Editor in 0.00 ms.
Unloading 1562 Unused Serialized files (Serialized files now loaded: 0)
Unloading 9 unused Assets / (24.6 KB). Loaded Objects now: 2129.
Memory consumption went from 159.4 MB to 159.4 MB.
Total: 2.542500 ms (FindLiveObjects: 0.140600 ms CreateObjectMapping: 0.079500 ms MarkObjects: 2.305800 ms  DeleteObjects: 0.015600 ms)

AssetImportParameters requested are different than current active one (requested -> active):
  custom:video-decoder-ogg-theora: a1e56fd34408186e4bbccfd4996cb3dc -> 
  custom:container-muxer-webm: aa71ff27fc2769a1b78a27578f13a17b -> 
  custom:container-demuxer-webm: 4f35f7cbe854078d1ac9338744f61a02 -> 
  custom:video-encoder-webm-vp8: eb34c28f22e8b96e1ab97ce403110664 -> 
  custom:audio-encoder-webm-vorbis: bf7c407c2cedff20999df2af8eb42d56 -> 
  custom:framework-win-MediaFoundation: 216162199b28c13a410421893ffa2e32 -> 
  custom:container-demuxer-ogg: 62fdf1f143b41e24485cea50d1cbac27 -> 
  custom:video-decoder-webm-vp8: 9c59270c3fd7afecdb556c50c9e8de78 -> 
  custom:audio-decoder-ogg-vorbis: bf7c407c2cedff20999df2af8eb42d56 -> 
========================================================================
Received Import Request.
  Time since last request: 103.737848 seconds.
  path: Assets/Scenes/MainScene.unity
  artifactKey: Guid(4a7eb461e779c2741b6afc5836f3d431) Importer(815301076,1909f56bfc062723c751e8b465ee728b)
Start importing Assets/Scenes/MainScene.unity using Guid(4a7eb461e779c2741b6afc5836f3d431) Importer(815301076,1909f56bfc062723c751e8b465ee728b)  -> (artifact id: '58936648e786970eb5325f419a595941') in 0.004209 seconds 
========================================================================
Received Prepare
Registering precompiled user dll's ...
Registered in 0.001616 seconds.
Begin MonoManager ReloadAssembly
Symbol file LoadedFromMemory is not a mono symbol file
Native extension for WindowsStandalone target not found
Native extension for Android target not found
Refreshing native plugins compatible for Editor in 0.48 ms, found 2 plugins.
Preloading 0 native plugins for Editor in 0.00 ms.
Mono: successfully reloaded assembly
- Completed reload, in  0.628 seconds
Domain Reload Profiling:
	ReloadAssembly (628ms)
		BeginReloadAssembly (93ms)
			ExecutionOrderSort (0ms)
			DisableScriptedObjects (4ms)
			BackupInstance (0ms)
			ReleaseScriptingObjects (0ms)
			CreateAndSetChildDomain (25ms)
		EndReloadAssembly (456ms)
			LoadAssemblies (54ms)
			RebuildTransferFunctionScriptingTraits (0ms)
			SetupTypeCache (128ms)
			ReleaseScriptCaches (1ms)
			RebuildScriptCaches (28ms)
			SetupLoadedEditorAssemblies (214ms)
				LogAssemblyErrors (0ms)
				InitializePlatformSupportModulesInManaged (15ms)
				SetLoadedEditorAssemblies (0ms)
				RefreshPlugins (1ms)
				BeforeProcessingInitializeOnLoad (32ms)
				ProcessInitializeOnLoadAttributes (143ms)
				ProcessInitializeOnLoadMethodAttributes (18ms)
				AfterProcessingInitializeOnLoad (4ms)
				EditorAssembliesLoaded (0ms)
			ExecutionOrderSort2 (0ms)
			AwakeInstancesAfterBackupRestoration (5ms)
Platform modules already initialized, skipping
Refreshing native plugins compatible for Editor in 0.90 ms, found 2 plugins.
Preloading 0 native plugins for Editor in 0.00 ms.
Unloading 1562 Unused Serialized files (Serialized files now loaded: 0)
Unloading 9 unused Assets / (24.6 KB). Loaded Objects now: 2132.
Memory consumption went from 159.4 MB to 159.4 MB.
Total: 3.753800 ms (FindLiveObjects: 0.168500 ms CreateObjectMapping: 0.048400 ms MarkObjects: 3.517600 ms  DeleteObjects: 0.018200 ms)

AssetImportParameters requested are different than current active one (requested -> active):
  custom:video-decoder-ogg-theora: a1e56fd34408186e4bbccfd4996cb3dc -> 
  custom:container-muxer-webm: aa71ff27fc2769a1b78a27578f13a17b -> 
  custom:container-demuxer-webm: 4f35f7cbe854078d1ac9338744f61a02 -> 
  custom:video-encoder-webm-vp8: eb34c28f22e8b96e1ab97ce403110664 -> 
  custom:audio-encoder-webm-vorbis: bf7c407c2cedff20999df2af8eb42d56 -> 
  custom:framework-win-MediaFoundation: 216162199b28c13a410421893ffa2e32 -> 
  custom:container-demuxer-ogg: 62fdf1f143b41e24485cea50d1cbac27 -> 
  custom:video-decoder-webm-vp8: 9c59270c3fd7afecdb556c50c9e8de78 -> 
  custom:audio-decoder-ogg-vorbis: bf7c407c2cedff20999df2af8eb42d56 -> 
========================================================================
Received Import Request.
  Time since last request: 252.319484 seconds.
  path: Assets/Scenes/MainScene.unity
  artifactKey: Guid(4a7eb461e779c2741b6afc5836f3d431) Importer(815301076,1909f56bfc062723c751e8b465ee728b)
Start importing Assets/Scenes/MainScene.unity using Guid(4a7eb461e779c2741b6afc5836f3d431) Importer(815301076,1909f56bfc062723c751e8b465ee728b)  -> (artifact id: 'e97f4444b3d3e1a34d0a5231674f3603') in 0.004617 seconds 
========================================================================
Received Import Request.
  Time since last request: 38.311515 seconds.
  path: Assets/Textures
  artifactKey: Guid(3fe7c112ee7a69a45bbdbfb102815940) Importer(815301076,1909f56bfc062723c751e8b465ee728b)
Start importing Assets/Textures using Guid(3fe7c112ee7a69a45bbdbfb102815940) Importer(815301076,1909f56bfc062723c751e8b465ee728b)  -> (artifact id: '68cc2bd2a188848887e3ac21ff47fcb9') in 0.005029 seconds 
========================================================================
Received Import Request.
  Time since last request: 2.100714 seconds.
  path: Assets/Scenes/MainScene.unity
  artifactKey: Guid(4a7eb461e779c2741b6afc5836f3d431) Importer(815301076,1909f56bfc062723c751e8b465ee728b)
Start importing Assets/Scenes/MainScene.unity using Guid(4a7eb461e779c2741b6afc5836f3d431) Importer(815301076,1909f56bfc062723c751e8b465ee728b)  -> (artifact id: 'b7571ba6387351f8bba1f7f48c91cff5') in 0.001707 seconds 
========================================================================
Received Import Request.
  Time since last request: 16.283342 seconds.
  path: Assets/Scenes/MainScene.unity
  artifactKey: Guid(4a7eb461e779c2741b6afc5836f3d431) Importer(815301076,1909f56bfc062723c751e8b465ee728b)
Start importing Assets/Scenes/MainScene.unity using Guid(4a7eb461e779c2741b6afc5836f3d431) Importer(815301076,1909f56bfc062723c751e8b465ee728b)  -> (artifact id: '8cd494806a90ce2c3a0ff4ff482afe37') in 0.001601 seconds 
========================================================================
Received Import Request.
  Time since last request: 16.119983 seconds.
  path: Assets/Scenes/MainScene.unity
  artifactKey: Guid(4a7eb461e779c2741b6afc5836f3d431) Importer(815301076,1909f56bfc062723c751e8b465ee728b)
Start importing Assets/Scenes/MainScene.unity using Guid(4a7eb461e779c2741b6afc5836f3d431) Importer(815301076,1909f56bfc062723c751e8b465ee728b)  -> (artifact id: '061c6eef708ec2571d428d81f60d3424') in 0.001660 seconds 
========================================================================
Received Import Request.
  Time since last request: 6.590529 seconds.
  path: Assets/Scenes/MainScene.unity
  artifactKey: Guid(4a7eb461e779c2741b6afc5836f3d431) Importer(815301076,1909f56bfc062723c751e8b465ee728b)
Start importing Assets/Scenes/MainScene.unity using Guid(4a7eb461e779c2741b6afc5836f3d431) Importer(815301076,1909f56bfc062723c751e8b465ee728b)  -> (artifact id: '267d16d92f4d54b1061194244733480b') in 0.001925 seconds 
========================================================================
Received Prepare
Registering precompiled user dll's ...
Registered in 0.002040 seconds.
Begin MonoManager ReloadAssembly
Symbol file LoadedFromMemory is not a mono symbol file
Native extension for WindowsStandalone target not found
Native extension for Android target not found
Refreshing native plugins compatible for Editor in 0.38 ms, found 2 plugins.
Preloading 0 native plugins for Editor in 0.00 ms.
Mono: successfully reloaded assembly
- Completed reload, in  0.611 seconds
Domain Reload Profiling:
	ReloadAssembly (611ms)
		BeginReloadAssembly (91ms)
			ExecutionOrderSort (0ms)
			DisableScriptedObjects (4ms)
			BackupInstance (0ms)
			ReleaseScriptingObjects (0ms)
			CreateAndSetChildDomain (25ms)
		EndReloadAssembly (451ms)
			LoadAssemblies (58ms)
			RebuildTransferFunctionScriptingTraits (0ms)
			SetupTypeCache (121ms)
			ReleaseScriptCaches (1ms)
			RebuildScriptCaches (26ms)
			SetupLoadedEditorAssemblies (214ms)
				LogAssemblyErrors (0ms)
				InitializePlatformSupportModulesInManaged (16ms)
				SetLoadedEditorAssemblies (0ms)
				RefreshPlugins (0ms)
				BeforeProcessingInitializeOnLoad (33ms)
				ProcessInitializeOnLoadAttributes (143ms)
				ProcessInitializeOnLoadMethodAttributes (17ms)
				AfterProcessingInitializeOnLoad (5ms)
				EditorAssembliesLoaded (0ms)
			ExecutionOrderSort2 (0ms)
			AwakeInstancesAfterBackupRestoration (6ms)
Platform modules already initialized, skipping
Refreshing native plugins compatible for Editor in 0.91 ms, found 2 plugins.
Preloading 0 native plugins for Editor in 0.00 ms.
Unloading 1562 Unused Serialized files (Serialized files now loaded: 0)
Unloading 9 unused Assets / (24.6 KB). Loaded Objects now: 2135.
Memory consumption went from 159.4 MB to 159.4 MB.
Total: 2.684100 ms (FindLiveObjects: 0.133500 ms CreateObjectMapping: 0.031900 ms MarkObjects: 2.499700 ms  DeleteObjects: 0.017400 ms)

AssetImportParameters requested are different than current active one (requested -> active):
  custom:video-decoder-ogg-theora: a1e56fd34408186e4bbccfd4996cb3dc -> 
  custom:container-muxer-webm: aa71ff27fc2769a1b78a27578f13a17b -> 
  custom:container-demuxer-webm: 4f35f7cbe854078d1ac9338744f61a02 -> 
  custom:video-encoder-webm-vp8: eb34c28f22e8b96e1ab97ce403110664 -> 
  custom:audio-encoder-webm-vorbis: bf7c407c2cedff20999df2af8eb42d56 -> 
  custom:framework-win-MediaFoundation: 216162199b28c13a410421893ffa2e32 -> 
  custom:container-demuxer-ogg: 62fdf1f143b41e24485cea50d1cbac27 -> 
  custom:video-decoder-webm-vp8: 9c59270c3fd7afecdb556c50c9e8de78 -> 
  custom:audio-decoder-ogg-vorbis: bf7c407c2cedff20999df2af8eb42d56 -> 
========================================================================
Received Import Request.
  Time since last request: 208.768417 seconds.
  path: Assets/Script/NPC
  artifactKey: Guid(67f39aa621bbb2f46a16e9fa1de54aa6) Importer(815301076,1909f56bfc062723c751e8b465ee728b)
Start importing Assets/Script/NPC using Guid(67f39aa621bbb2f46a16e9fa1de54aa6) Importer(815301076,1909f56bfc062723c751e8b465ee728b)  -> (artifact id: 'a5babda925b497e087aa85ef63a5fcf4') in 0.009289 seconds 
========================================================================
Received Import Request.
  Time since last request: 9.236378 seconds.
  path: Assets/Script/Water
  artifactKey: Guid(2affea99e19e0a14a96acbf71c54d27a) Importer(815301076,1909f56bfc062723c751e8b465ee728b)
Start importing Assets/Script/Water using Guid(2affea99e19e0a14a96acbf71c54d27a) Importer(815301076,1909f56bfc062723c751e8b465ee728b)  -> (artifact id: '9f9a8e0c3d097580e2792840111c710f') in 0.005322 seconds 
========================================================================
Received Import Request.
  Time since last request: 185.397121 seconds.
  path: Assets/Scenes/MainScene.unity
  artifactKey: Guid(4a7eb461e779c2741b6afc5836f3d431) Importer(815301076,1909f56bfc062723c751e8b465ee728b)
Start importing Assets/Scenes/MainScene.unity using Guid(4a7eb461e779c2741b6afc5836f3d431) Importer(815301076,1909f56bfc062723c751e8b465ee728b)  -> (artifact id: 'fd03ecd9b307cf705992e41e8a4e3ddd') in 0.001583 seconds 
========================================================================
Received Prepare
Registering precompiled user dll's ...
Registered in 0.001566 seconds.
Begin MonoManager ReloadAssembly
Symbol file LoadedFromMemory is not a mono symbol file
Native extension for WindowsStandalone target not found
Native extension for Android target not found
Refreshing native plugins compatible for Editor in 0.40 ms, found 2 plugins.
Preloading 0 native plugins for Editor in 0.00 ms.
Mono: successfully reloaded assembly
- Completed reload, in  0.607 seconds
Domain Reload Profiling:
	ReloadAssembly (608ms)
		BeginReloadAssembly (91ms)
			ExecutionOrderSort (0ms)
			DisableScriptedObjects (5ms)
			BackupInstance (0ms)
			ReleaseScriptingObjects (0ms)
			CreateAndSetChildDomain (25ms)
		EndReloadAssembly (447ms)
			LoadAssemblies (52ms)
			RebuildTransferFunctionScriptingTraits (0ms)
			SetupTypeCache (123ms)
			ReleaseScriptCaches (1ms)
			RebuildScriptCaches (26ms)
			SetupLoadedEditorAssemblies (212ms)
				LogAssemblyErrors (0ms)
				InitializePlatformSupportModulesInManaged (16ms)
				SetLoadedEditorAssemblies (0ms)
				RefreshPlugins (0ms)
				BeforeProcessingInitializeOnLoad (33ms)
				ProcessInitializeOnLoadAttributes (139ms)
				ProcessInitializeOnLoadMethodAttributes (18ms)
				AfterProcessingInitializeOnLoad (4ms)
				EditorAssembliesLoaded (0ms)
			ExecutionOrderSort2 (0ms)
			AwakeInstancesAfterBackupRestoration (5ms)
Platform modules already initialized, skipping
Refreshing native plugins compatible for Editor in 0.85 ms, found 2 plugins.
Preloading 0 native plugins for Editor in 0.00 ms.
Unloading 1562 Unused Serialized files (Serialized files now loaded: 0)
Unloading 9 unused Assets / (24.7 KB). Loaded Objects now: 2138.
Memory consumption went from 159.4 MB to 159.4 MB.
Total: 2.615600 ms (FindLiveObjects: 0.152700 ms CreateObjectMapping: 0.077200 ms MarkObjects: 2.369300 ms  DeleteObjects: 0.015100 ms)

AssetImportParameters requested are different than current active one (requested -> active):
  custom:video-decoder-ogg-theora: a1e56fd34408186e4bbccfd4996cb3dc -> 
  custom:container-muxer-webm: aa71ff27fc2769a1b78a27578f13a17b -> 
  custom:container-demuxer-webm: 4f35f7cbe854078d1ac9338744f61a02 -> 
  custom:video-encoder-webm-vp8: eb34c28f22e8b96e1ab97ce403110664 -> 
  custom:audio-encoder-webm-vorbis: bf7c407c2cedff20999df2af8eb42d56 -> 
  custom:framework-win-MediaFoundation: 216162199b28c13a410421893ffa2e32 -> 
  custom:container-demuxer-ogg: 62fdf1f143b41e24485cea50d1cbac27 -> 
  custom:video-decoder-webm-vp8: 9c59270c3fd7afecdb556c50c9e8de78 -> 
  custom:audio-decoder-ogg-vorbis: bf7c407c2cedff20999df2af8eb42d56 -> 
========================================================================
Received Import Request.
  Time since last request: 38.511532 seconds.
  path: Assets/Script/Building/SimpleTrap.cs
  artifactKey: Guid(a4a62d9a64d33ac47be87336d03f5542) Importer(815301076,1909f56bfc062723c751e8b465ee728b)
Start importing Assets/Script/Building/SimpleTrap.cs using Guid(a4a62d9a64d33ac47be87336d03f5542) Importer(815301076,1909f56bfc062723c751e8b465ee728b)  -> (artifact id: 'fb5f527b492a6c4025d3fc048099cf48') in 0.011034 seconds 
========================================================================
Received Import Request.
  Time since last request: 1.144504 seconds.
  path: Assets/Scenes/MainScene.unity
  artifactKey: Guid(4a7eb461e779c2741b6afc5836f3d431) Importer(815301076,1909f56bfc062723c751e8b465ee728b)
Start importing Assets/Scenes/MainScene.unity using Guid(4a7eb461e779c2741b6afc5836f3d431) Importer(815301076,1909f56bfc062723c751e8b465ee728b)  -> (artifact id: '80d8ab100e5e6cd9b890863f122026c3') in 0.001654 seconds 
========================================================================
Received Import Request.
  Time since last request: 23.136372 seconds.
  path: Assets/Script/UI/Slot.cs
  artifactKey: Guid(a366f6708baca8b40a48f0bcf543324b) Importer(815301076,1909f56bfc062723c751e8b465ee728b)
Start importing Assets/Script/UI/Slot.cs using Guid(a366f6708baca8b40a48f0bcf543324b) Importer(815301076,1909f56bfc062723c751e8b465ee728b)  -> (artifact id: '26bdf7f5427c3101afbddfde8c8c9512') in 0.005417 seconds 
========================================================================
Received Import Request.
  Time since last request: 120.259251 seconds.
  path: Assets/Prefab/UI/Slot.prefab
  artifactKey: Guid(ecafe7df3ee846e4db8e0725923f9b76) Importer(815301076,1909f56bfc062723c751e8b465ee728b)
Start importing Assets/Prefab/UI/Slot.prefab using Guid(ecafe7df3ee846e4db8e0725923f9b76) Importer(815301076,1909f56bfc062723c751e8b465ee728b)  -> (artifact id: '0d665d7629f2bf2256fb82528968bc3c') in 0.035822 seconds 
========================================================================
Received Import Request.
  Time since last request: 46.309017 seconds.
  path: Assets/3D Model/lowPoly_arms_Axe.fbx
  artifactKey: Guid(a8b93c350ac56b940b410c2558cd57bd) Importer(815301076,1909f56bfc062723c751e8b465ee728b)
Start importing Assets/3D Model/lowPoly_arms_Axe.fbx using Guid(a8b93c350ac56b940b410c2558cd57bd) Importer(815301076,1909f56bfc062723c751e8b465ee728b)  -> (artifact id: '4950a7efcb096df63b7d2c2a9618612e') in 0.139922 seconds 
========================================================================
Received Import Request.
  Time since last request: 0.000019 seconds.
  path: Assets/Sound/SE/Button_Click_littlerobotsoundfactory.mp3
  artifactKey: Guid(6761bf7351e6c634489ff123c6524636) Importer(815301076,1909f56bfc062723c751e8b465ee728b)
Start importing Assets/Sound/SE/Button_Click_littlerobotsoundfactory.mp3 using Guid(6761bf7351e6c634489ff123c6524636) Importer(815301076,1909f56bfc062723c751e8b465ee728b)  -> (artifact id: '2b362a59e3516826793dcbed1a2cf400') in 0.100627 seconds 
========================================================================
Received Import Request.
  Time since last request: 0.000027 seconds.
  path: Assets/Sound/SE/Exit_Potion.mp3
  artifactKey: Guid(4eef15b94ffe4284782172f6f4f5b416) Importer(815301076,1909f56bfc062723c751e8b465ee728b)
Start importing Assets/Sound/SE/Exit_Potion.mp3 using Guid(4eef15b94ffe4284782172f6f4f5b416) Importer(815301076,1909f56bfc062723c751e8b465ee728b)  -> (artifact id: '0475a3381e9152913d16144b55b4f52f') in 0.020937 seconds 
========================================================================
Received Import Request.
  Time since last request: 0.000017 seconds.
  path: Assets/Sound/SE/Button_SlotClick_littlerobotsoundfactory.mp3
  artifactKey: Guid(a53bb214ebffc58418e00d29652c4cca) Importer(815301076,1909f56bfc062723c751e8b465ee728b)
Start importing Assets/Sound/SE/Button_SlotClick_littlerobotsoundfactory.mp3 using Guid(a53bb214ebffc58418e00d29652c4cca) Importer(815301076,1909f56bfc062723c751e8b465ee728b)  -> (artifact id: '395ebdda3962991c8e083cb4a195c4be') in 0.014782 seconds 
========================================================================
Received Import Request.
  Time since last request: 0.350492 seconds.
  path: Assets/3D Model/lowPoly_arms_Basic.fbx
  artifactKey: Guid(e6937f5fcac70e44389163f0e4e4131f) Importer(815301076,1909f56bfc062723c751e8b465ee728b)
Start importing Assets/3D Model/lowPoly_arms_Basic.fbx using Guid(e6937f5fcac70e44389163f0e4e4131f) Importer(815301076,1909f56bfc062723c751e8b465ee728b)  -> (artifact id: 'ef3298c463d58bda75326807452fb6e4') in 0.035105 seconds 
========================================================================
Received Import Request.
  Time since last request: 0.000029 seconds.
  path: Assets/Image/Item/item_pickaxe.png
  artifactKey: Guid(036020b82fc05844ba04d7e09c0a88a2) Importer(815301076,1909f56bfc062723c751e8b465ee728b)
Start importing Assets/Image/Item/item_pickaxe.png using Guid(036020b82fc05844ba04d7e09c0a88a2) Importer(815301076,1909f56bfc062723c751e8b465ee728b)  -> (artifact id: 'b4760cc45add0a745318e5e3259bfaf0') in 0.034521 seconds 
Editor requested this worker to shutdown with reason: Scaling down because of idle timeout
AssetImportWorker is now disconnected from the server
Process exiting
Exiting without the bug reporter. Application will terminate with return code 0